current directory: /Users/grillermo/c/labs/bundle/ruby/3.4.0/gems/date-3.5.1/ext/date
/Users/grillermo/.rbenv/versions/3.4.7/bin/ruby extconf.rb
checking for rb_category_warn()... yes
checking for timezone in time.h with -Werror... yes
checking for altzone in time.h with -Werror... no
creating Makefile

current directory: /Users/grillermo/c/labs/bundle/ruby/3.4.0/gems/date-3.5.1/ext/date
make -j9 DESTDIR\= sitearchdir\=./.gem.20260312-41292-k50k9r sitelibdir\=./.gem.20260312-41292-k50k9r clean

current directory: /Users/grillermo/c/labs/bundle/ruby/3.4.0/gems/date-3.5.1/ext/date
make -j9 DESTDIR\= sitearchdir\=./.gem.20260312-41292-k50k9r sitelibdir\=./.gem.20260312-41292-k50k9r
compiling date_core.c
compiling date_parse.c
compiling date_strftime.c
compiling date_strptime.c
linking shared-object date_core.bundle

current directory: /Users/grillermo/c/labs/bundle/ruby/3.4.0/gems/date-3.5.1/ext/date
make -j9 DESTDIR\= sitearchdir\=./.gem.20260312-41292-k50k9r sitelibdir\=./.gem.20260312-41292-k50k9r install
/opt/homebrew/bin/ginstall -c -m 0755 date_core.bundle ./.gem.20260312-41292-k50k9r

current directory: /Users/grillermo/c/labs/bundle/ruby/3.4.0/gems/date-3.5.1/ext/date
make DESTDIR\= sitearchdir\=./.gem.20260312-41292-k50k9r sitelibdir\=./.gem.20260312-41292-k50k9r clean
