current directory: /Users/grillermo/c/labs/bundle/ruby/3.4.0/gems/bigdecimal-4.0.1/ext/bigdecimal
/Users/grillermo/.rbenv/versions/3.4.7/bin/ruby extconf.rb
checking for __builtin_clz()... yes
checking for __builtin_clzl()... yes
checking for __builtin_clzll()... yes
checking for float.h... yes
checking for math.h... yes
checking for stdbool.h... yes
checking for stdlib.h... yes
checking for x86intrin.h... no
checking for intrin.h... no
checking for ruby/atomic.h... yes
checking for ruby/internal/has/builtin.h... yes
checking for ruby/internal/static_assert.h... yes
checking for rb_complex_real() in ruby.h... yes
checking for rb_complex_imag() in ruby.h... yes
checking for rb_opts_exception_p() in ruby.h... yes
checking for rb_category_warn() in ruby.h... yes
checking for RB_WARN_CATEGORY_DEPRECATED in ruby.h... yes
creating Makefile

current directory: /Users/grillermo/c/labs/bundle/ruby/3.4.0/gems/bigdecimal-4.0.1/ext/bigdecimal
make -j9 DESTDIR\= sitearchdir\=./.gem.20260312-45039-4g8psn sitelibdir\=./.gem.20260312-45039-4g8psn clean

current directory: /Users/grillermo/c/labs/bundle/ruby/3.4.0/gems/bigdecimal-4.0.1/ext/bigdecimal
make -j9 DESTDIR\= sitearchdir\=./.gem.20260312-45039-4g8psn sitelibdir\=./.gem.20260312-45039-4g8psn
compiling bigdecimal.c
compiling missing.c
linking shared-object bigdecimal.bundle

current directory: /Users/grillermo/c/labs/bundle/ruby/3.4.0/gems/bigdecimal-4.0.1/ext/bigdecimal
make -j9 DESTDIR\= sitearchdir\=./.gem.20260312-45039-4g8psn sitelibdir\=./.gem.20260312-45039-4g8psn install
/opt/homebrew/bin/ginstall -c -m 0755 bigdecimal.bundle ./.gem.20260312-45039-4g8psn

current directory: /Users/grillermo/c/labs/bundle/ruby/3.4.0/gems/bigdecimal-4.0.1/ext/bigdecimal
make DESTDIR\= sitearchdir\=./.gem.20260312-45039-4g8psn sitelibdir\=./.gem.20260312-45039-4g8psn clean
